-- The C compiler identification is GNU 11.4.0
-- The CXX compiler identification is GNU 11.4.0
-- Detecting C compiler ABI info
-- Detecting C compiler ABI info - done
-- Check for working C compiler: /usr/bin/cc - skipped
-- Detecting C compile features
-- Detecting C compile features - done
-- Detecting CXX compiler ABI info
-- Detecting CXX compiler ABI info - done
-- Check for working CXX compiler: /usr/bin/c++ - skipped
-- Detecting CXX compile features
-- Detecting CXX compile features - done
-- Found Python3: /usr/bin/python3.10 (found version "3.10.12") found components: Interpreter Development Development.Module Development.Embed 
-- Performing Test HAS_FLTO
-- Performing Test HAS_FLTO - Success
-- Found pybind11: /usr/include (found version "2.9.1")
-- Python include dirs: /usr/include/python3.10
-- Configuring done
-- Generating done
-- Build files have been written to: /home/aposys1/Aposys-Radar-System/build/Aposys-Radar-System
[ 50%] [32mBuilding CXX object CMakeFiles/radar_modules.dir/radar_files/src/mr76_radar.cpp.o[0m
[100%] [32m[1mLinking CXX shared module radar_modules.cpython-310-x86_64-linux-gnu.so[0m
lto-wrapper: warning: using serial compilation of 2 LTRANS jobs
[100%] Built target radar_modules
